Requirement already satisfied: xmltodict==0.13.0 in /Users/cevherdogan/.pvenv/python-mini-projects/lib/python3.9/site-packages (from -r requirements.txt (line 1)) (0.13.0)
Requirement already satisfied: pipdeptree==2.3.3 in /Users/cevherdogan/.pvenv/python-mini-projects/lib/python3.9/site-packages (from -r requirements.txt (line 2)) (2.3.3)
Package            Version
------------------ ---------
apeye              1.2.0
certifi            2022.12.7
charset-normalizer 2.1.1
domdf-python-tools 3.5.0
idna               3.4
natsort            8.2.0
packaging          22.0
pip                22.3.1
pipdeptree         2.3.3
platformdirs       2.6.0
pypi-json          0.3.0
requests           2.28.1
setuptools         49.2.1
typing_extensions  4.4.0
urllib3            1.26.13
xmltodict          0.13.0
pip==22.3.1
pipdeptree==2.3.3
pypi-json==0.3.0
  - apeye [required: >=1.1.0, installed: 1.2.0]
    - domdf-python-tools [required: >=2.6.0, installed: 3.5.0]
      - natsort [required: >=7.0.1, installed: 8.2.0]
      - typing-extensions [required: >=3.7.4.1, installed: 4.4.0]
    - idna [required: >=2.5, installed: 3.4]
    - platformdirs [required: >=2.3.0, installed: 2.6.0]
    - requests [required: >=2.24.0, installed: 2.28.1]
      - certifi [required: >=2017.4.17, installed: 2022.12.7]
      - charset-normalizer [required: >=2,<3, installed: 2.1.1]
      - idna [required: >=2.5,<4, installed: 3.4]
      - urllib3 [required: >=1.21.1,<1.27, installed: 1.26.13]
  - packaging [required: >=21.0, installed: 22.0]
  - requests [required: >=2.26.0, installed: 2.28.1]
    - certifi [required: >=2017.4.17, installed: 2022.12.7]
    - charset-normalizer [required: >=2,<3, installed: 2.1.1]
    - idna [required: >=2.5,<4, installed: 3.4]
    - urllib3 [required: >=1.21.1,<1.27, installed: 1.26.13]
setuptools==49.2.1
xmltodict==0.13.0
cat: input.txt: No such file or directory
cat: output.txt: No such file or directory
